2026-01-14 17:45:16 [main] INFO  com.example.SpringTask10.SpringTask10Application -Starting SpringTask10Application using Java 21.0.9 with PID 35756 (D:\SpringBoot\SpringTask10\target\classes started by adikh in D:\SpringBoot\SpringTask10)
2026-01-14 17:45:16 [main] INFO  com.example.SpringTask10.SpringTask10Application -No active profile set, falling back to 1 default profile: "default"
2026-01-14 17:45:16 [background-preinit] INFO  org.hibernate.validator.internal.util.Version -HV000001: Hibernate Validator 9.0.1.Final
2026-01-14 17:45:16 [main] INFO  org.springframework.data.repository.config.RepositoryConfigurationDelegate -Bootstrapping Spring Data JPA repositories in DEFAULT mode.
2026-01-14 17:45:16 [main] INFO  org.springframework.data.repository.config.RepositoryConfigurationDelegate -Finished Spring Data repository scanning in 74 ms. Found 1 JPA repository interface.
2026-01-14 17:45:17 [main] INFO  org.springframework.boot.tomcat.TomcatWebServer -Tomcat initialized with port 8080 (http)
2026-01-14 17:45:17 [main] INFO  org.apache.coyote.http11.Http11NioProtocol -Initializing ProtocolHandler ["http-nio-8080"]
2026-01-14 17:45:17 [main] INFO  org.apache.catalina.core.StandardService -Starting service [Tomcat]
2026-01-14 17:45:17 [main] INFO  org.apache.catalina.core.StandardEngine -Starting Servlet engine: [Apache Tomcat/11.0.15]
2026-01-14 17:45:17 [main] INFO  org.springframework.boot.web.context.servlet.WebApplicationContextInitializer -Root WebApplicationContext: initialization completed in 1509 ms
2026-01-14 17:45:17 [main] INFO  org.hibernate.orm.jpa -HHH008540: Processing PersistenceUnitInfo [name: default]
2026-01-14 17:45:18 [main] INFO  org.hibernate.orm.core -HHH000001: Hibernate ORM core version 7.2.0.Final
2026-01-14 17:45:18 [main] INFO  org.springframework.orm.jpa.persistenceunit.SpringPersistenceUnitInfo -No LoadTimeWeaver setup: ignoring JPA class transformer
2026-01-14 17:45:18 [main] INFO  com.zaxxer.hikari.HikariDataSource -HikariPool-1 - Starting...
2026-01-14 17:45:19 [main] INFO  com.zaxxer.hikari.pool.HikariPool -HikariPool-1 - Added connection com.mysql.cj.jdbc.ConnectionImpl@24dc150c
2026-01-14 17:45:19 [main] INFO  com.zaxxer.hikari.HikariDataSource -HikariPool-1 - Start completed.
2026-01-14 17:45:19 [main] INFO  org.hibernate.orm.connections.pooling -HHH10001005: Database info:
	Database JDBC URL [jdbc:mysql://localhost:3306/Task10?createDatabaseIfNotExist=true&useSSL=true]
	Database driver: MySQL Connector/J
	Database dialect: MySQLDialect
	Database version: 8.0.43
	Default catalog/schema: Task10/undefined
	Autocommit mode: undefined/unknown
	Isolation level: REPEATABLE_READ [default REPEATABLE_READ]
	JDBC fetch size: none
	Pool: DataSourceConnectionProvider
	Minimum pool size: undefined/unknown
	Maximum pool size: undefined/unknown
2026-01-14 17:45:19 [main] INFO  org.hibernate.orm.core -HHH000489: No JTA platform available (set 'hibernate.transaction.jta.platform' to enable JTA platform integration)
2026-01-14 17:45:19 [main] INFO  org.springframework.orm.jpa.LocalContainerEntityManagerFactoryBean -Initialized JPA EntityManagerFactory for persistence unit 'default'
2026-01-14 17:45:20 [main] INFO  org.springframework.data.jpa.repository.query.QueryEnhancerFactories -Hibernate is in classpath; If applicable, HQL parser will be used.
2026-01-14 17:45:20 [main] WARN  org.springframework.boot.jpa.autoconfigure.JpaBaseConfiguration$JpaWebConfiguration -spring.jpa.open-in-view is enabled by default. Therefore, database queries may be performed during view rendering. Explicitly configure spring.jpa.open-in-view to disable this warning
2026-01-14 17:45:20 [main] INFO  org.apache.coyote.http11.Http11NioProtocol -Starting ProtocolHandler ["http-nio-8080"]
2026-01-14 17:45:20 [main] INFO  org.springframework.boot.tomcat.TomcatWebServer -Tomcat started on port 8080 (http) with context path '/'
2026-01-14 17:45:20 [main] INFO  com.example.SpringTask10.SpringTask10Application -Started SpringTask10Application in 4.913 seconds (process running for 5.296)
2026-01-14 17:46:07 [http-nio-8080-exec-4] INFO  org.apache.catalina.core.ContainerBase.[Tomcat].[localhost].[/] -Initializing Spring DispatcherServlet 'dispatcherServlet'
2026-01-14 17:46:07 [http-nio-8080-exec-4] INFO  org.springframework.web.servlet.DispatcherServlet -Initializing Servlet 'dispatcherServlet'
2026-01-14 17:46:07 [http-nio-8080-exec-4] INFO  org.springframework.web.servlet.DispatcherServlet -Completed initialization in 35 ms
2026-01-14 17:48:44 [http-nio-8080-exec-2] INFO  com.example.SpringTask10.controller.EmployeeController -Employee added successfully
2026-01-14 17:49:20 [http-nio-8080-exec-5] ERROR com.example.SpringTask10.service.EmployeeService -Employee not found
2026-01-14 17:49:25 [http-nio-8080-exec-6] ERROR com.example.SpringTask10.service.EmployeeService -Employee not found
2026-01-14 17:49:30 [http-nio-8080-exec-7] ERROR com.example.SpringTask10.service.EmployeeService -Employee not found
2026-01-14 17:49:35 [http-nio-8080-exec-8] INFO  com.example.SpringTask10.controller.EmployeeController -Employee found successfully
